{"$message_type":"diagnostic","message":"unused imports: `PasswordHash` and `PasswordVerifier`","code":{"code":"unused_imports","explanation":null},"level":"warning","spans":[{"file_name":"src/main.rs","byte_start":94,"byte_end":106,"line_start":5,"line_end":5,"column_start":22,"column_end":34,"is_primary":true,"text":[{"text":"use argon2::{Argon2, PasswordHash, PasswordHasher, PasswordVerifier};","highlight_start":22,"highlight_end":34}],"label":null,"suggested_replacement":null,"suggestion_applicability":null,"expansion":null},{"file_name":"src/main.rs","byte_start":124,"byte_end":140,"line_start":5,"line_end":5,"column_start":52,"column_end":68,"is_primary":true,"text":[{"text":"use argon2::{Argon2, PasswordHash, PasswordHasher, PasswordVerifier};","highlight_start":52,"highlight_end":68}],"label":null,"suggested_replacement":null,"suggestion_applicability":null,"expansion":null}],"children":[{"message":"`#[warn(unused_imports)]` on by default","code":null,"level":"note","spans":[],"children":[],"rendered":null},{"message":"remove the unused imports","code":null,"level":"help","spans":[{"file_name":"src/main.rs","byte_start":92,"byte_end":106,"line_start":5,"line_end":5,"column_start":20,"column_end":34,"is_primary":true,"text":[{"text":"use argon2::{Argon2, PasswordHash, PasswordHasher, PasswordVerifier};","highlight_start":20,"highlight_end":34}],"label":null,"suggested_replacement":"","suggestion_applicability":"MachineApplicable","expansion":null},{"file_name":"src/main.rs","byte_start":122,"byte_end":140,"line_start":5,"line_end":5,"column_start":50,"column_end":68,"is_primary":true,"text":[{"text":"use argon2::{Argon2, PasswordHash, PasswordHasher, PasswordVerifier};","highlight_start":50,"highlight_end":68}],"label":null,"suggested_replacement":"","suggestion_applicability":"MachineApplicable","expansion":null}],"children":[],"rendered":null}],"rendered":"\u001b[0m\u001b[1m\u001b[38;5;11mwarning\u001b[0m\u001b[0m\u001b[1m\u001b[38;5;15m: unused imports: `PasswordHash` and `PasswordVerifier`\u001b[0m\n\u001b[0m \u001b[0m\u001b[0m\u001b[1m\u001b[38;5;14m--> \u001b[0m\u001b[0msrc/main.rs:5:22\u001b[0m\n\u001b[0m  \u001b[0m\u001b[0m\u001b[1m\u001b[38;5;14m|\u001b[0m\n\u001b[0m\u001b[1m\u001b[38;5;14m5\u001b[0m\u001b[0m \u001b[0m\u001b[0m\u001b[1m\u001b[38;5;14m|\u001b[0m\u001b[0m \u001b[0m\u001b[0muse argon2::{Argon2, PasswordHash, PasswordHasher, PasswordVerifier};\u001b[0m\n\u001b[0m  \u001b[0m\u001b[0m\u001b[1m\u001b[38;5;14m|\u001b[0m\u001b[0m                      \u001b[0m\u001b[0m\u001b[1m\u001b[38;5;11m^^^^^^^^^^^^\u001b[0m\u001b[0m                  \u001b[0m\u001b[0m\u001b[1m\u001b[38;5;11m^^^^^^^^^^^^^^^^\u001b[0m\n\u001b[0m  \u001b[0m\u001b[0m\u001b[1m\u001b[38;5;14m|\u001b[0m\n\u001b[0m  \u001b[0m\u001b[0m\u001b[1m\u001b[38;5;14m= \u001b[0m\u001b[0m\u001b[1m\u001b[38;5;15mnote\u001b[0m\u001b[0m: `#[warn(unused_imports)]` on by default\u001b[0m\n\n"}
{"$message_type":"diagnostic","message":"cannot find function `get_entry` in this scope","code":{"code":"E0425","explanation":"An unresolved name was used.\n\nErroneous code examples:\n\n```compile_fail,E0425\nsomething_that_doesnt_exist::foo;\n// error: unresolved name `something_that_doesnt_exist::foo`\n\n// or:\n\ntrait Foo {\n    fn bar() {\n        Self; // error: unresolved name `Self`\n    }\n}\n\n// or:\n\nlet x = unknown_variable;  // error: unresolved name `unknown_variable`\n```\n\nPlease verify that the name wasn't misspelled and ensure that the\nidentifier being referred to is valid for the given situation. Example:\n\n```\nenum something_that_does_exist {\n    Foo,\n}\n```\n\nOr:\n\n```\nmod something_that_does_exist {\n    pub static foo : i32 = 0i32;\n}\n\nsomething_that_does_exist::foo; // ok!\n```\n\nOr:\n\n```\nlet unknown_variable = 12u32;\nlet x = unknown_variable; // ok!\n```\n\nIf the item is not defined in the current module, it must be imported using a\n`use` statement, like so:\n\n```\n# mod foo { pub fn bar() {} }\n# fn main() {\nuse foo::bar;\nbar();\n# }\n```\n\nIf the item you are importing is not defined in some super-module of the\ncurrent module, then it must also be declared as public (e.g., `pub fn`).\n"},"level":"error","spans":[{"file_name":"src/main.rs","byte_start":2186,"byte_end":2286,"line_start":90,"line_end":90,"column_start":1,"column_end":101,"is_primary":false,"text":[{"text":"fn add_entry(store_path: &PathBuf, name: &str, username: &str, password: &str) -> anyhow::Result<()> {","highlight_start":1,"highlight_end":101}],"label":"similarly named function `add_entry` defined here","suggested_replacement":null,"suggestion_applicability":null,"expansion":null},{"file_name":"src/main.rs","byte_start":1492,"byte_end":1501,"line_start":69,"line_end":69,"column_start":35,"column_end":44,"is_primary":true,"text":[{"text":"        Commands::Get { name } => get_entry(&args.store, &name),","highlight_start":35,"highlight_end":44}],"label":null,"suggested_replacement":null,"suggestion_applicability":null,"expansion":null}],"children":[{"message":"a function with a similar name exists","code":null,"level":"help","spans":[{"file_name":"src/main.rs","byte_start":1492,"byte_end":1501,"line_start":69,"line_end":69,"column_start":35,"column_end":44,"is_primary":true,"text":[{"text":"        Commands::Get { name } => get_entry(&args.store, &name),","highlight_start":35,"highlight_end":44}],"label":null,"suggested_replacement":"add_entry","suggestion_applicability":"MaybeIncorrect","expansion":null}],"children":[],"rendered":null}],"rendered":"\u001b[0m\u001b[1m\u001b[38;5;9merror[E0425]\u001b[0m\u001b[0m\u001b[1m\u001b[38;5;15m: cannot find function `get_entry` in this scope\u001b[0m\n\u001b[0m  \u001b[0m\u001b[0m\u001b[1m\u001b[38;5;14m--> \u001b[0m\u001b[0msrc/main.rs:69:35\u001b[0m\n\u001b[0m   \u001b[0m\u001b[0m\u001b[1m\u001b[38;5;14m|\u001b[0m\n\u001b[0m\u001b[1m\u001b[38;5;14m69\u001b[0m\u001b[0m \u001b[0m\u001b[0m\u001b[1m\u001b[38;5;14m|\u001b[0m\u001b[0m \u001b[0m\u001b[0m        Commands::Get { name } => get_entry(&args.store, &name),\u001b[0m\n\u001b[0m   \u001b[0m\u001b[0m\u001b[1m\u001b[38;5;14m|\u001b[0m\u001b[0m                                   \u001b[0m\u001b[0m\u001b[1m\u001b[38;5;9m^^^^^^^^^\u001b[0m\u001b[0m \u001b[0m\u001b[0m\u001b[1m\u001b[38;5;9mhelp: a function with a similar name exists: `add_entry`\u001b[0m\n\u001b[0m\u001b[1m\u001b[38;5;14m...\u001b[0m\n\u001b[0m\u001b[1m\u001b[38;5;14m90\u001b[0m\u001b[0m \u001b[0m\u001b[0m\u001b[1m\u001b[38;5;14m|\u001b[0m\u001b[0m \u001b[0m\u001b[0mfn add_entry(store_path: &PathBuf, name: &str, username: &str, password: &str) -> anyhow::Result<()> {\u001b[0m\n\u001b[0m   \u001b[0m\u001b[0m\u001b[1m\u001b[38;5;14m|\u001b[0m\u001b[0m \u001b[0m\u001b[0m\u001b[1m\u001b[38;5;14m----------------------------------------------------------------------------------------------------\u001b[0m\u001b[0m \u001b[0m\u001b[0m\u001b[1m\u001b[38;5;14msimilarly named function `add_entry` defined here\u001b[0m\n\n"}
{"$message_type":"diagnostic","message":"cannot find function `list_entries` in this scope","code":{"code":"E0425","explanation":"An unresolved name was used.\n\nErroneous code examples:\n\n```compile_fail,E0425\nsomething_that_doesnt_exist::foo;\n// error: unresolved name `something_that_doesnt_exist::foo`\n\n// or:\n\ntrait Foo {\n    fn bar() {\n        Self; // error: unresolved name `Self`\n    }\n}\n\n// or:\n\nlet x = unknown_variable;  // error: unresolved name `unknown_variable`\n```\n\nPlease verify that the name wasn't misspelled and ensure that the\nidentifier being referred to is valid for the given situation. Example:\n\n```\nenum something_that_does_exist {\n    Foo,\n}\n```\n\nOr:\n\n```\nmod something_that_does_exist {\n    pub static foo : i32 = 0i32;\n}\n\nsomething_that_does_exist::foo; // ok!\n```\n\nOr:\n\n```\nlet unknown_variable = 12u32;\nlet x = unknown_variable; // ok!\n```\n\nIf the item is not defined in the current module, it must be imported using a\n`use` statement, like so:\n\n```\n# mod foo { pub fn bar() {} }\n# fn main() {\nuse foo::bar;\nbar();\n# }\n```\n\nIf the item you are importing is not defined in some super-module of the\ncurrent module, then it must also be declared as public (e.g., `pub fn`).\n"},"level":"error","spans":[{"file_name":"src/main.rs","byte_start":1549,"byte_end":1561,"line_start":70,"line_end":70,"column_start":27,"column_end":39,"is_primary":true,"text":[{"text":"        Commands::List => list_entries(&args.store),","highlight_start":27,"highlight_end":39}],"label":"not found in this scope","suggested_replacement":null,"suggestion_applicability":null,"expansion":null}],"children":[],"rendered":"\u001b[0m\u001b[1m\u001b[38;5;9merror[E0425]\u001b[0m\u001b[0m\u001b[1m\u001b[38;5;15m: cannot find function `list_entries` in this scope\u001b[0m\n\u001b[0m  \u001b[0m\u001b[0m\u001b[1m\u001b[38;5;14m--> \u001b[0m\u001b[0msrc/main.rs:70:27\u001b[0m\n\u001b[0m   \u001b[0m\u001b[0m\u001b[1m\u001b[38;5;14m|\u001b[0m\n\u001b[0m\u001b[1m\u001b[38;5;14m70\u001b[0m\u001b[0m \u001b[0m\u001b[0m\u001b[1m\u001b[38;5;14m|\u001b[0m\u001b[0m \u001b[0m\u001b[0m        Commands::List => list_entries(&args.store),\u001b[0m\n\u001b[0m   \u001b[0m\u001b[0m\u001b[1m\u001b[38;5;14m|\u001b[0m\u001b[0m                           \u001b[0m\u001b[0m\u001b[1m\u001b[38;5;9m^^^^^^^^^^^^\u001b[0m\u001b[0m \u001b[0m\u001b[0m\u001b[1m\u001b[38;5;9mnot found in this scope\u001b[0m\n\n"}
{"$message_type":"diagnostic","message":"the trait bound `argon2::password_hash::Error: StdError` is not satisfied","code":{"code":"E0277","explanation":"You tried to use a type which doesn't implement some trait in a place which\nexpected that trait.\n\nErroneous code example:\n\n```compile_fail,E0277\n// here we declare the Foo trait with a bar method\ntrait Foo {\n    fn bar(&self);\n}\n\n// we now declare a function which takes an object implementing the Foo trait\nfn some_func<T: Foo>(foo: T) {\n    foo.bar();\n}\n\nfn main() {\n    // we now call the method with the i32 type, which doesn't implement\n    // the Foo trait\n    some_func(5i32); // error: the trait bound `i32 : Foo` is not satisfied\n}\n```\n\nIn order to fix this error, verify that the type you're using does implement\nthe trait. Example:\n\n```\ntrait Foo {\n    fn bar(&self);\n}\n\n// we implement the trait on the i32 type\nimpl Foo for i32 {\n    fn bar(&self) {}\n}\n\nfn some_func<T: Foo>(foo: T) {\n    foo.bar(); // we can now use this method since i32 implements the\n               // Foo trait\n}\n\nfn main() {\n    some_func(5i32); // ok!\n}\n```\n\nOr in a generic context, an erroneous code example would look like:\n\n```compile_fail,E0277\nfn some_func<T>(foo: T) {\n    println!(\"{:?}\", foo); // error: the trait `core::fmt::Debug` is not\n                           //        implemented for the type `T`\n}\n\nfn main() {\n    // We now call the method with the i32 type,\n    // which *does* implement the Debug trait.\n    some_func(5i32);\n}\n```\n\nNote that the error here is in the definition of the generic function. Although\nwe only call it with a parameter that does implement `Debug`, the compiler\nstill rejects the function. It must work with all possible input types. In\norder to make this example compile, we need to restrict the generic type we're\naccepting:\n\n```\nuse std::fmt;\n\n// Restrict the input type to types that implement Debug.\nfn some_func<T: fmt::Debug>(foo: T) {\n    println!(\"{:?}\", foo);\n}\n\nfn main() {\n    // Calling the method is still fine, as i32 implements Debug.\n    some_func(5i32);\n\n    // This would fail to compile now:\n    // struct WithoutDebug;\n    // some_func(WithoutDebug);\n}\n```\n\nRust only looks at the signature of the called function, as such it must\nalready specify all requirements that will be used for every type parameter.\n"},"level":"error","spans":[{"file_name":"src/main.rs","byte_start":1918,"byte_end":1919,"line_start":79,"line_end":79,"column_start":71,"column_end":72,"is_primary":true,"text":[{"text":"    let hash = argon2.hash_password(master_password.as_bytes(), &salt)?;","highlight_start":71,"highlight_end":72}],"label":"the trait `StdError` is not implemented for `argon2::password_hash::Error`, which is required by `Result<(), anyhow::Error>: FromResidual<Result<Infallible, argon2::password_hash::Error>>`","suggested_replacement":null,"suggestion_applicability":null,"expansion":{"span":{"file_name":"src/main.rs","byte_start":1918,"byte_end":1919,"line_start":79,"line_end":79,"column_start":71,"column_end":72,"is_primary":false,"text":[{"text":"    let hash = argon2.hash_password(master_password.as_bytes(), &salt)?;","highlight_start":71,"highlight_end":72}],"label":null,"suggested_replacement":null,"suggestion_applicability":null,"expansion":null},"macro_decl_name":"desugaring of operator `?`","def_site_span":{"file_name":"src/main.rs","byte_start":0,"byte_end":0,"line_start":1,"line_end":1,"column_start":1,"column_end":1,"is_primary":false,"text":[],"label":null,"suggested_replacement":null,"suggestion_applicability":null,"expansion":null}}}],"children":[{"message":"the trait `FromResidual<Result<Infallible, E>>` is implemented for `Result<T, F>`","code":null,"level":"help","spans":[],"children":[],"rendered":null},{"message":"required for `anyhow::Error` to implement `From<argon2::password_hash::Error>`","code":null,"level":"note","spans":[],"children":[],"rendered":null},{"message":"required for `Result<(), anyhow::Error>` to implement `FromResidual<Result<Infallible, argon2::password_hash::Error>>`","code":null,"level":"note","spans":[],"children":[],"rendered":null}],"rendered":"\u001b[0m\u001b[1m\u001b[38;5;9merror[E0277]\u001b[0m\u001b[0m\u001b[1m\u001b[38;5;15m: the trait bound `argon2::password_hash::Error: StdError` is not satisfied\u001b[0m\n\u001b[0m  \u001b[0m\u001b[0m\u001b[1m\u001b[38;5;14m--> \u001b[0m\u001b[0msrc/main.rs:79:71\u001b[0m\n\u001b[0m   \u001b[0m\u001b[0m\u001b[1m\u001b[38;5;14m|\u001b[0m\n\u001b[0m\u001b[1m\u001b[38;5;14m79\u001b[0m\u001b[0m \u001b[0m\u001b[0m\u001b[1m\u001b[38;5;14m|\u001b[0m\u001b[0m \u001b[0m\u001b[0m    let hash = argon2.hash_password(master_password.as_bytes(), &salt)?;\u001b[0m\n\u001b[0m   \u001b[0m\u001b[0m\u001b[1m\u001b[38;5;14m|\u001b[0m\u001b[0m                                                                       \u001b[0m\u001b[0m\u001b[1m\u001b[38;5;9m^\u001b[0m\u001b[0m \u001b[0m\u001b[0m\u001b[1m\u001b[38;5;9mthe trait `StdError` is not implemented for `argon2::password_hash::Error`, which is required by `Result<(), anyhow::Error>: FromResidual<Result<Infallible, argon2::password_hash::Error>>`\u001b[0m\n\u001b[0m   \u001b[0m\u001b[0m\u001b[1m\u001b[38;5;14m|\u001b[0m\n\u001b[0m   \u001b[0m\u001b[0m\u001b[1m\u001b[38;5;14m= \u001b[0m\u001b[0m\u001b[1m\u001b[38;5;15mhelp\u001b[0m\u001b[0m: the trait `FromResidual<Result<Infallible, E>>` \u001b[0m\u001b[0m\u001b[1m\u001b[35mis\u001b[0m\u001b[0m implemented for `\u001b[0m\u001b[0m\u001b[1m\u001b[35mResult<T, F>\u001b[0m\u001b[0m`\u001b[0m\n\u001b[0m   \u001b[0m\u001b[0m\u001b[1m\u001b[38;5;14m= \u001b[0m\u001b[0m\u001b[1m\u001b[38;5;15mnote\u001b[0m\u001b[0m: required for `anyhow::Error` to implement `From<argon2::password_hash::Error>`\u001b[0m\n\u001b[0m   \u001b[0m\u001b[0m\u001b[1m\u001b[38;5;14m= \u001b[0m\u001b[0m\u001b[1m\u001b[38;5;15mnote\u001b[0m\u001b[0m: required for `Result<(), anyhow::Error>` to implement `FromResidual<Result<Infallible, argon2::password_hash::Error>>`\u001b[0m\n\n"}
{"$message_type":"diagnostic","message":"the method `context` exists for enum `Result<AesGcm<Aes256, UInt<UInt<UInt<UInt<UTerm, B1>, B1>, B0>, B0>>, InvalidLength>`, but its trait bounds were not satisfied","code":{"code":"E0599","explanation":"This error occurs when a method is used on a type which doesn't implement it:\n\nErroneous code example:\n\n```compile_fail,E0599\nstruct Mouth;\n\nlet x = Mouth;\nx.chocolate(); // error: no method named `chocolate` found for type `Mouth`\n               //        in the current scope\n```\n\nIn this case, you need to implement the `chocolate` method to fix the error:\n\n```\nstruct Mouth;\n\nimpl Mouth {\n    fn chocolate(&self) { // We implement the `chocolate` method here.\n        println!(\"Hmmm! I love chocolate!\");\n    }\n}\n\nlet x = Mouth;\nx.chocolate(); // ok!\n```\n"},"level":"error","spans":[{"file_name":"src/main.rs","byte_start":2872,"byte_end":2879,"line_start":108,"line_end":108,"column_start":49,"column_end":56,"is_primary":true,"text":[{"text":"    let cipher = Aes256Gcm::new_from_slice(key).context(\"Invalid key length\")?;","highlight_start":49,"highlight_end":56}],"label":"method cannot be called due to unsatisfied trait bounds","suggested_replacement":null,"suggestion_applicability":null,"expansion":null},{"file_name":"C:\\Users\\KIIT0001\\.cargo\\registry\\src\\index.crates.io-6f17d22bba15001f\\crypto-common-0.1.6\\src\\lib.rs","byte_start":8971,"byte_end":8995,"line_start":302,"line_end":302,"column_start":1,"column_end":25,"is_primary":false,"text":[{"text":"pub struct InvalidLength;","highlight_start":1,"highlight_end":25}],"label":"doesn't satisfy `_: StdError`","suggested_replacement":null,"suggestion_applicability":null,"expansion":null},{"file_name":"C:\\Users\\KIIT0001\\.rustup\\toolchains\\stable-x86_64-pc-windows-gnu\\lib/rustlib/src/rust\\library\\core\\src\\result.rs","byte_start":19576,"byte_end":19597,"line_start":527,"line_end":527,"column_start":1,"column_end":22,"is_primary":false,"text":[{"text":"pub enum Result<T, E> {","highlight_start":1,"highlight_end":22}],"label":"doesn't satisfy `_: Context<AesGcm<Aes256, UInt<UInt<UInt<UInt<UTerm, B1>, B1>, B0>, B0>>, InvalidLength>`","suggested_replacement":null,"suggestion_applicability":null,"expansion":null}],"children":[{"message":"the following trait bounds were not satisfied:\n`aes_gcm::aes::cipher::InvalidLength: anyhow::context::ext::StdError`\nwhich is required by `Result<AesGcm<Aes256, UInt<UInt<UInt<UInt<UTerm, B1>, B1>, B0>, B0>>, aes_gcm::aes::cipher::InvalidLength>: anyhow::Context<AesGcm<Aes256, UInt<UInt<UInt<UInt<UTerm, B1>, B1>, B0>, B0>>, aes_gcm::aes::cipher::InvalidLength>`","code":null,"level":"note","spans":[],"children":[],"rendered":null}],"rendered":"\u001b[0m\u001b[1m\u001b[38;5;9merror[E0599]\u001b[0m\u001b[0m\u001b[1m\u001b[38;5;15m: the method `context` exists for enum `Result<AesGcm<Aes256, UInt<UInt<UInt<UInt<UTerm, B1>, B1>, B0>, B0>>, InvalidLength>`, but its trait bounds were not satisfied\u001b[0m\n\u001b[0m   \u001b[0m\u001b[0m\u001b[1m\u001b[38;5;14m--> \u001b[0m\u001b[0msrc/main.rs:108:49\u001b[0m\n\u001b[0m    \u001b[0m\u001b[0m\u001b[1m\u001b[38;5;14m|\u001b[0m\n\u001b[0m\u001b[1m\u001b[38;5;14m108\u001b[0m\u001b[0m \u001b[0m\u001b[0m\u001b[1m\u001b[38;5;14m|\u001b[0m\u001b[0m \u001b[0m\u001b[0m    let cipher = Aes256Gcm::new_from_slice(key).context(\"Invalid key length\")?;\u001b[0m\n\u001b[0m    \u001b[0m\u001b[0m\u001b[1m\u001b[38;5;14m|\u001b[0m\u001b[0m                                                 \u001b[0m\u001b[0m\u001b[1m\u001b[38;5;9m^^^^^^^\u001b[0m\u001b[0m \u001b[0m\u001b[0m\u001b[1m\u001b[38;5;9mmethod cannot be called due to unsatisfied trait bounds\u001b[0m\n\u001b[0m    \u001b[0m\u001b[0m\u001b[1m\u001b[38;5;14m|\u001b[0m\n\u001b[0m   \u001b[0m\u001b[0m\u001b[1m\u001b[38;5;14m::: \u001b[0m\u001b[0mC:\\Users\\KIIT0001\\.cargo\\registry\\src\\index.crates.io-6f17d22bba15001f\\crypto-common-0.1.6\\src\\lib.rs:302:1\u001b[0m\n\u001b[0m    \u001b[0m\u001b[0m\u001b[1m\u001b[38;5;14m|\u001b[0m\n\u001b[0m\u001b[1m\u001b[38;5;14m302\u001b[0m\u001b[0m \u001b[0m\u001b[0m\u001b[1m\u001b[38;5;14m|\u001b[0m\u001b[0m \u001b[0m\u001b[0mpub struct InvalidLength;\u001b[0m\n\u001b[0m    \u001b[0m\u001b[0m\u001b[1m\u001b[38;5;14m|\u001b[0m\u001b[0m \u001b[0m\u001b[0m\u001b[1m\u001b[38;5;14m------------------------\u001b[0m\u001b[0m \u001b[0m\u001b[0m\u001b[1m\u001b[38;5;14mdoesn't satisfy `_: StdError`\u001b[0m\n\u001b[0m    \u001b[0m\u001b[0m\u001b[1m\u001b[38;5;14m|\u001b[0m\n\u001b[0m   \u001b[0m\u001b[0m\u001b[1m\u001b[38;5;14m::: \u001b[0m\u001b[0mC:\\Users\\KIIT0001\\.rustup\\toolchains\\stable-x86_64-pc-windows-gnu\\lib/rustlib/src/rust\\library\\core\\src\\result.rs:527:1\u001b[0m\n\u001b[0m    \u001b[0m\u001b[0m\u001b[1m\u001b[38;5;14m|\u001b[0m\n\u001b[0m\u001b[1m\u001b[38;5;14m527\u001b[0m\u001b[0m \u001b[0m\u001b[0m\u001b[1m\u001b[38;5;14m|\u001b[0m\u001b[0m \u001b[0m\u001b[0mpub enum Result<T, E> {\u001b[0m\n\u001b[0m    \u001b[0m\u001b[0m\u001b[1m\u001b[38;5;14m|\u001b[0m\u001b[0m \u001b[0m\u001b[0m\u001b[1m\u001b[38;5;14m---------------------\u001b[0m\u001b[0m \u001b[0m\u001b[0m\u001b[1m\u001b[38;5;14mdoesn't satisfy `_: Context<AesGcm<Aes256, UInt<UInt<UInt<UInt<UTerm, B1>, B1>, B0>, B0>>, InvalidLength>`\u001b[0m\n\u001b[0m    \u001b[0m\u001b[0m\u001b[1m\u001b[38;5;14m|\u001b[0m\n\u001b[0m    \u001b[0m\u001b[0m\u001b[1m\u001b[38;5;14m= \u001b[0m\u001b[0m\u001b[1m\u001b[38;5;15mnote\u001b[0m\u001b[0m: the following trait bounds were not satisfied:\u001b[0m\n\u001b[0m            `aes_gcm::aes::cipher::InvalidLength: anyhow::context::ext::StdError`\u001b[0m\n\u001b[0m            which is required by `Result<AesGcm<Aes256, UInt<UInt<UInt<UInt<UTerm, B1>, B1>, B0>, B0>>, aes_gcm::aes::cipher::InvalidLength>: anyhow::Context<AesGcm<Aes256, UInt<UInt<UInt<UInt<UTerm, B1>, B1>, B0>, B0>>, aes_gcm::aes::cipher::InvalidLength>`\u001b[0m\n\n"}
{"$message_type":"diagnostic","message":"the method `context` exists for enum `Result<AesGcm<Aes256, UInt<UInt<UInt<UInt<UTerm, B1>, B1>, B0>, B0>>, InvalidLength>`, but its trait bounds were not satisfied","code":{"code":"E0599","explanation":"This error occurs when a method is used on a type which doesn't implement it:\n\nErroneous code example:\n\n```compile_fail,E0599\nstruct Mouth;\n\nlet x = Mouth;\nx.chocolate(); // error: no method named `chocolate` found for type `Mouth`\n               //        in the current scope\n```\n\nIn this case, you need to implement the `chocolate` method to fix the error:\n\n```\nstruct Mouth;\n\nimpl Mouth {\n    fn chocolate(&self) { // We implement the `chocolate` method here.\n        println!(\"Hmmm! I love chocolate!\");\n    }\n}\n\nlet x = Mouth;\nx.chocolate(); // ok!\n```\n"},"level":"error","spans":[{"file_name":"src/main.rs","byte_start":3506,"byte_end":3569,"line_start":124,"line_end":125,"column_start":18,"column_end":10,"is_primary":false,"text":[{"text":"    let cipher = Aes256Gcm::new_from_slice(master_password.as_bytes())","highlight_start":18,"highlight_end":71},{"text":"        .context(\"Invalid key length\")?;","highlight_start":1,"highlight_end":10}],"label":"","suggested_replacement":null,"suggestion_applicability":null,"expansion":null},{"file_name":"src/main.rs","byte_start":3569,"byte_end":3576,"line_start":125,"line_end":125,"column_start":10,"column_end":17,"is_primary":true,"text":[{"text":"        .context(\"Invalid key length\")?;","highlight_start":10,"highlight_end":17}],"label":"method cannot be called due to unsatisfied trait bounds","suggested_replacement":null,"suggestion_applicability":null,"expansion":null},{"file_name":"C:\\Users\\KIIT0001\\.cargo\\registry\\src\\index.crates.io-6f17d22bba15001f\\crypto-common-0.1.6\\src\\lib.rs","byte_start":8971,"byte_end":8995,"line_start":302,"line_end":302,"column_start":1,"column_end":25,"is_primary":false,"text":[{"text":"pub struct InvalidLength;","highlight_start":1,"highlight_end":25}],"label":"doesn't satisfy `_: StdError`","suggested_replacement":null,"suggestion_applicability":null,"expansion":null},{"file_name":"C:\\Users\\KIIT0001\\.rustup\\toolchains\\stable-x86_64-pc-windows-gnu\\lib/rustlib/src/rust\\library\\core\\src\\result.rs","byte_start":19576,"byte_end":19597,"line_start":527,"line_end":527,"column_start":1,"column_end":22,"is_primary":false,"text":[{"text":"pub enum Result<T, E> {","highlight_start":1,"highlight_end":22}],"label":"doesn't satisfy `_: Context<AesGcm<Aes256, UInt<UInt<UInt<UInt<UTerm, B1>, B1>, B0>, B0>>, InvalidLength>`","suggested_replacement":null,"suggestion_applicability":null,"expansion":null}],"children":[{"message":"the following trait bounds were not satisfied:\n`aes_gcm::aes::cipher::InvalidLength: anyhow::context::ext::StdError`\nwhich is required by `Result<AesGcm<Aes256, UInt<UInt<UInt<UInt<UTerm, B1>, B1>, B0>, B0>>, aes_gcm::aes::cipher::InvalidLength>: anyhow::Context<AesGcm<Aes256, UInt<UInt<UInt<UInt<UTerm, B1>, B1>, B0>, B0>>, aes_gcm::aes::cipher::InvalidLength>`","code":null,"level":"note","spans":[],"children":[],"rendered":null}],"rendered":"\u001b[0m\u001b[1m\u001b[38;5;9merror[E0599]\u001b[0m\u001b[0m\u001b[1m\u001b[38;5;15m: the method `context` exists for enum `Result<AesGcm<Aes256, UInt<UInt<UInt<UInt<UTerm, B1>, B1>, B0>, B0>>, InvalidLength>`, but its trait bounds were not satisfied\u001b[0m\n\u001b[0m   \u001b[0m\u001b[0m\u001b[1m\u001b[38;5;14m--> \u001b[0m\u001b[0msrc/main.rs:125:10\u001b[0m\n\u001b[0m    \u001b[0m\u001b[0m\u001b[1m\u001b[38;5;14m|\u001b[0m\n\u001b[0m\u001b[1m\u001b[38;5;14m124\u001b[0m\u001b[0m \u001b[0m\u001b[0m\u001b[1m\u001b[38;5;14m|\u001b[0m\u001b[0m   \u001b[0m\u001b[0m    let cipher = Aes256Gcm::new_from_slice(master_password.as_bytes())\u001b[0m\n\u001b[0m    \u001b[0m\u001b[0m\u001b[1m\u001b[38;5;14m|\u001b[0m\u001b[0m  \u001b[0m\u001b[0m\u001b[1m\u001b[38;5;14m__________________-\u001b[0m\n\u001b[0m\u001b[1m\u001b[38;5;14m125\u001b[0m\u001b[0m \u001b[0m\u001b[0m\u001b[1m\u001b[38;5;14m|\u001b[0m\u001b[0m \u001b[0m\u001b[0m\u001b[1m\u001b[38;5;14m|\u001b[0m\u001b[0m \u001b[0m\u001b[0m        .context(\"Invalid key length\")?;\u001b[0m\n\u001b[0m    \u001b[0m\u001b[0m\u001b[1m\u001b[38;5;14m|\u001b[0m\u001b[0m \u001b[0m\u001b[0m\u001b[1m\u001b[38;5;14m|\u001b[0m\u001b[0m         \u001b[0m\u001b[0m\u001b[1m\u001b[38;5;14m-\u001b[0m\u001b[0m\u001b[1m\u001b[38;5;9m^^^^^^^\u001b[0m\u001b[0m \u001b[0m\u001b[0m\u001b[1m\u001b[38;5;9mmethod cannot be called due to unsatisfied trait bounds\u001b[0m\n\u001b[0m    \u001b[0m\u001b[0m\u001b[1m\u001b[38;5;14m|\u001b[0m\u001b[0m \u001b[0m\u001b[0m\u001b[1m\u001b[38;5;14m|_________|\u001b[0m\n\u001b[0m    \u001b[0m\u001b[0m\u001b[1m\u001b[38;5;14m|\u001b[0m\n\u001b[0m    \u001b[0m\u001b[0m\u001b[1m\u001b[38;5;14m|\u001b[0m\n\u001b[0m   \u001b[0m\u001b[0m\u001b[1m\u001b[38;5;14m::: \u001b[0m\u001b[0mC:\\Users\\KIIT0001\\.cargo\\registry\\src\\index.crates.io-6f17d22bba15001f\\crypto-common-0.1.6\\src\\lib.rs:302:1\u001b[0m\n\u001b[0m    \u001b[0m\u001b[0m\u001b[1m\u001b[38;5;14m|\u001b[0m\n\u001b[0m\u001b[1m\u001b[38;5;14m302\u001b[0m\u001b[0m \u001b[0m\u001b[0m\u001b[1m\u001b[38;5;14m|\u001b[0m\u001b[0m   \u001b[0m\u001b[0mpub struct InvalidLength;\u001b[0m\n\u001b[0m    \u001b[0m\u001b[0m\u001b[1m\u001b[38;5;14m|\u001b[0m\u001b[0m   \u001b[0m\u001b[0m\u001b[1m\u001b[38;5;14m------------------------\u001b[0m\u001b[0m \u001b[0m\u001b[0m\u001b[1m\u001b[38;5;14mdoesn't satisfy `_: StdError`\u001b[0m\n\u001b[0m    \u001b[0m\u001b[0m\u001b[1m\u001b[38;5;14m|\u001b[0m\n\u001b[0m   \u001b[0m\u001b[0m\u001b[1m\u001b[38;5;14m::: \u001b[0m\u001b[0mC:\\Users\\KIIT0001\\.rustup\\toolchains\\stable-x86_64-pc-windows-gnu\\lib/rustlib/src/rust\\library\\core\\src\\result.rs:527:1\u001b[0m\n\u001b[0m    \u001b[0m\u001b[0m\u001b[1m\u001b[38;5;14m|\u001b[0m\n\u001b[0m\u001b[1m\u001b[38;5;14m527\u001b[0m\u001b[0m \u001b[0m\u001b[0m\u001b[1m\u001b[38;5;14m|\u001b[0m\u001b[0m   \u001b[0m\u001b[0mpub enum Result<T, E> {\u001b[0m\n\u001b[0m    \u001b[0m\u001b[0m\u001b[1m\u001b[38;5;14m|\u001b[0m\u001b[0m   \u001b[0m\u001b[0m\u001b[1m\u001b[38;5;14m---------------------\u001b[0m\u001b[0m \u001b[0m\u001b[0m\u001b[1m\u001b[38;5;14mdoesn't satisfy `_: Context<AesGcm<Aes256, UInt<UInt<UInt<UInt<UTerm, B1>, B1>, B0>, B0>>, InvalidLength>`\u001b[0m\n\u001b[0m    \u001b[0m\u001b[0m\u001b[1m\u001b[38;5;14m|\u001b[0m\n\u001b[0m    \u001b[0m\u001b[0m\u001b[1m\u001b[38;5;14m= \u001b[0m\u001b[0m\u001b[1m\u001b[38;5;15mnote\u001b[0m\u001b[0m: the following trait bounds were not satisfied:\u001b[0m\n\u001b[0m            `aes_gcm::aes::cipher::InvalidLength: anyhow::context::ext::StdError`\u001b[0m\n\u001b[0m            which is required by `Result<AesGcm<Aes256, UInt<UInt<UInt<UInt<UTerm, B1>, B1>, B0>, B0>>, aes_gcm::aes::cipher::InvalidLength>: anyhow::Context<AesGcm<Aes256, UInt<UInt<UInt<UInt<UTerm, B1>, B1>, B0>, B0>>, aes_gcm::aes::cipher::InvalidLength>`\u001b[0m\n\n"}
{"$message_type":"diagnostic","message":"unused import: `anyhow::Context`","code":{"code":"unused_imports","explanation":null},"level":"warning","spans":[{"file_name":"src/main.rs","byte_start":280,"byte_end":295,"line_start":13,"line_end":13,"column_start":5,"column_end":20,"is_primary":true,"text":[{"text":"use anyhow::Context;","highlight_start":5,"highlight_end":20}],"label":null,"suggested_replacement":null,"suggestion_applicability":null,"expansion":null}],"children":[],"rendered":"\u001b[0m\u001b[1m\u001b[38;5;11mwarning\u001b[0m\u001b[0m\u001b[1m\u001b[38;5;15m: unused import: `anyhow::Context`\u001b[0m\n\u001b[0m  \u001b[0m\u001b[0m\u001b[1m\u001b[38;5;14m--> \u001b[0m\u001b[0msrc/main.rs:13:5\u001b[0m\n\u001b[0m   \u001b[0m\u001b[0m\u001b[1m\u001b[38;5;14m|\u001b[0m\n\u001b[0m\u001b[1m\u001b[38;5;14m13\u001b[0m\u001b[0m \u001b[0m\u001b[0m\u001b[1m\u001b[38;5;14m|\u001b[0m\u001b[0m \u001b[0m\u001b[0muse anyhow::Context;\u001b[0m\n\u001b[0m   \u001b[0m\u001b[0m\u001b[1m\u001b[38;5;14m|\u001b[0m\u001b[0m     \u001b[0m\u001b[0m\u001b[1m\u001b[38;5;11m^^^^^^^^^^^^^^^\u001b[0m\n\n"}
{"$message_type":"diagnostic","message":"unused import: `Aead`","code":{"code":"unused_imports","explanation":null},"level":"warning","spans":[{"file_name":"src/main.rs","byte_start":26,"byte_end":30,"line_start":2,"line_end":2,"column_start":12,"column_end":16,"is_primary":true,"text":[{"text":"    aead::{Aead, KeyInit, OsRng},","highlight_start":12,"highlight_end":16}],"label":null,"suggested_replacement":null,"suggestion_applicability":null,"expansion":null}],"children":[],"rendered":"\u001b[0m\u001b[1m\u001b[38;5;11mwarning\u001b[0m\u001b[0m\u001b[1m\u001b[38;5;15m: unused import: `Aead`\u001b[0m\n\u001b[0m \u001b[0m\u001b[0m\u001b[1m\u001b[38;5;14m--> \u001b[0m\u001b[0msrc/main.rs:2:12\u001b[0m\n\u001b[0m  \u001b[0m\u001b[0m\u001b[1m\u001b[38;5;14m|\u001b[0m\n\u001b[0m\u001b[1m\u001b[38;5;14m2\u001b[0m\u001b[0m \u001b[0m\u001b[0m\u001b[1m\u001b[38;5;14m|\u001b[0m\u001b[0m \u001b[0m\u001b[0m    aead::{Aead, KeyInit, OsRng},\u001b[0m\n\u001b[0m  \u001b[0m\u001b[0m\u001b[1m\u001b[38;5;14m|\u001b[0m\u001b[0m            \u001b[0m\u001b[0m\u001b[1m\u001b[38;5;11m^^^^\u001b[0m\n\n"}
{"$message_type":"diagnostic","message":"aborting due to 5 previous errors; 3 warnings emitted","code":null,"level":"error","spans":[],"children":[],"rendered":"\u001b[0m\u001b[1m\u001b[38;5;9merror\u001b[0m\u001b[0m\u001b[1m\u001b[38;5;15m: aborting due to 5 previous errors; 3 warnings emitted\u001b[0m\n\n"}
{"$message_type":"diagnostic","message":"Some errors have detailed explanations: E0277, E0425, E0599.","code":null,"level":"failure-note","spans":[],"children":[],"rendered":"\u001b[0m\u001b[1m\u001b[38;5;15mSome errors have detailed explanations: E0277, E0425, E0599.\u001b[0m\n"}
{"$message_type":"diagnostic","message":"For more information about an error, try `rustc --explain E0277`.","code":null,"level":"failure-note","spans":[],"children":[],"rendered":"\u001b[0m\u001b[1m\u001b[38;5;15mFor more information about an error, try `rustc --explain E0277`.\u001b[0m\n"}
